<?xml version="1.0" encoding="UTF-8"?>
<!-- Generated by org.testng.reporters.JUnitXMLReporter -->
<testsuite ignored="0" hostname="DESKTOP-CFSKSBJ" failures="0" tests="9" name="ChromeTest" time="75.821" errors="0" timestamp="2024-09-15T16:31:52 IST">
  <testcase classname="testCases.TC001_AccountRegistrationTest" name="verify_account_registration" time="2.166"/>
  <testcase classname="testCases.TC002_LoginTest" name="verify_login" time="1.441"/>
  <testcase classname="testCases.TC003_LoginDDT" name="verify_loginDDT" time="1.907"/>
  <testcase classname="testCases.TC003_LoginDDT" name="verify_loginDDT" time="10.922"/>
  <testcase classname="testCases.TC003_LoginDDT" name="verify_loginDDT" time="11.114"/>
  <testcase classname="testCases.TC003_LoginDDT" name="verify_loginDDT" time="10.984"/>
  <testcase classname="testCases.TC003_LoginDDT" name="verify_loginDDT" time="11.028"/>
  <testcase classname="testCases.TC004_SearchProductTest" name="verify_productSearch" time="0.777"/>
  <testcase classname="testCases.TC005_AddToCartPageTest" name="verify_addCart" time="1.811"/>
</testsuite> <!-- ChromeTest -->
