<?xml version="1.0" encoding="UTF-8"?>
<!-- Generated by org.testng.reporters.JUnitXMLReporter -->
<testsuite ignored="0" hostname="DESKTOP-CFSKSBJ" failures="0" tests="9" name="EdgeTest" time="87.951" errors="0" timestamp="2024-09-15T16:34:42 IST">
  <testcase classname="testCases.TC001_AccountRegistrationTest" name="verify_account_registration" time="2.086"/>
  <testcase classname="testCases.TC002_LoginTest" name="verify_login" time="1.35"/>
  <testcase classname="testCases.TC003_LoginDDT" name="verify_loginDDT" time="1.941"/>
  <testcase classname="testCases.TC003_LoginDDT" name="verify_loginDDT" time="11.062"/>
  <testcase classname="testCases.TC003_LoginDDT" name="verify_loginDDT" time="11.021"/>
  <testcase classname="testCases.TC003_LoginDDT" name="verify_loginDDT" time="11.107"/>
  <testcase classname="testCases.TC003_LoginDDT" name="verify_loginDDT" time="10.916"/>
  <testcase classname="testCases.TC004_SearchProductTest" name="verify_productSearch" time="0.766"/>
  <testcase classname="testCases.TC005_AddToCartPageTest" name="verify_addCart" time="1.884"/>
</testsuite> <!-- EdgeTest -->
