<?xml version="1.0" encoding="UTF-8"?>
<!-- Generated by org.testng.reporters.JUnitXMLReporter -->
<testsuite ignored="0" hostname="DESKTOP-CFSKSBJ" failures="0" tests="9" name="FirefoxTest" time="81.92" errors="0" timestamp="2024-09-15T16:33:14 IST">
  <testcase classname="testCases.TC001_AccountRegistrationTest" name="verify_account_registration" time="2.254"/>
  <testcase classname="testCases.TC002_LoginTest" name="verify_login" time="1.392"/>
  <testcase classname="testCases.TC003_LoginDDT" name="verify_loginDDT" time="1.964"/>
  <testcase classname="testCases.TC003_LoginDDT" name="verify_loginDDT" time="11.03"/>
  <testcase classname="testCases.TC003_LoginDDT" name="verify_loginDDT" time="11.017"/>
  <testcase classname="testCases.TC003_LoginDDT" name="verify_loginDDT" time="11.032"/>
  <testcase classname="testCases.TC003_LoginDDT" name="verify_loginDDT" time="11.076"/>
  <testcase classname="testCases.TC004_SearchProductTest" name="verify_productSearch" time="0.693"/>
  <testcase classname="testCases.TC005_AddToCartPageTest" name="verify_addCart" time="1.733"/>
</testsuite> <!-- FirefoxTest -->
