<?xml version="1.0" encoding="UTF-8"?>
<!-- Generated by org.testng.reporters.JUnitXMLReporter -->
<testsuite ignored="0" hostname="DESKTOP-CFSKSBJ" failures="0" tests="4" name="Test" time="28.179" errors="0" timestamp="2024-09-15T16:17:58 IST">
  <testcase classname="testCases.TC001_AccountRegistrationTest" name="verify_account_registration" time="2.366"/>
  <testcase classname="testCases.TC002_LoginTest" name="verify_login" time="1.391"/>
  <testcase classname="testCases.TC003_LoginDDT" name="verify_loginDDT" time="1.964"/>
  <testcase classname="testCases.TC003_LoginDDT" name="verify_loginDDT" time="6.855"/>
</testsuite> <!-- Test -->
