<?xml version="1.0" encoding="UTF-8"?>
<!-- Generated by org.testng.reporters.JUnitXMLReporter -->
<testsuite ignored="0" hostname="DESKTOP-CFSKSBJ" failures="0" tests="9" name="Test" time="76.493" errors="0" timestamp="2024-09-15T15:59:28 IST">
  <testcase classname="testCases.TC001_AccountRegistrationTest" name="verify_account_registration" time="2.295"/>
  <testcase classname="testCases.TC002_LoginTest" name="verify_login" time="1.45"/>
  <testcase classname="testCases.TC003_LoginDDT" name="verify_loginDDT" time="1.914"/>
  <testcase classname="testCases.TC003_LoginDDT" name="verify_loginDDT" time="11.031"/>
  <testcase classname="testCases.TC003_LoginDDT" name="verify_loginDDT" time="11.134"/>
  <testcase classname="testCases.TC003_LoginDDT" name="verify_loginDDT" time="11.067"/>
  <testcase classname="testCases.TC003_LoginDDT" name="verify_loginDDT" time="10.99"/>
  <testcase classname="testCases.TC004_SearchProductTest" name="verify_productSearch" time="0.823"/>
  <testcase classname="testCases.TC005_AddToCartPageTest" name="verify_addCart" time="1.998"/>
</testsuite> <!-- Test -->
