<?xml version="1.0" encoding="UTF-8"?>
<testng-results ignored="0" total="3" passed="3" failed="0" skipped="0">
  <reporter-output>
  </reporter-output>
  <suite started-at="2024-09-13T20:16:42 IST" name="Suite" finished-at="2024-09-13T20:17:07 IST" duration-ms="25215">
    <groups>
    </groups>
    <test started-at="2024-09-13T20:16:42 IST" name="firefoxtest" finished-at="2024-09-13T20:16:51 IST" duration-ms="9028">
      <class name="testCases.TC001_AccountRegistrationTest">
        <test-method is-config="true" signature="setup(java.lang.String,java.lang.String)[pri:0, instance:testCases.TC001_AccountRegistrationTest@1ee4730]" started-at="2024-09-13T20:16:42 IST" name="setup" finished-at="2024-09-13T20:16:48 IST" duration-ms="5741" status="PASS">
          <params>
            <param index="0">
              <value>
                <![CDATA[Windows]]>
              </value>
            </param>
            <param index="1">
              <value>
                <![CDATA[firefox]]>
              </value>
            </param>
          </params>
          <reporter-output>
          </reporter-output>
        </test-method> <!-- setup -->
        <test-method signature="verify_account_registration()[pri:0, instance:testCases.TC001_AccountRegistrationTest@1ee4730]" started-at="2024-09-13T20:16:48 IST" name="verify_account_registration" finished-at="2024-09-13T20:16:50 IST" duration-ms="2308" status="PASS">
          <reporter-output>
          </reporter-output>
        </test-method> <!-- verify_account_registration -->
        <test-method is-config="true" signature="tearDown()[pri:0, instance:testCases.TC001_AccountRegistrationTest@1ee4730]" started-at="2024-09-13T20:16:50 IST" name="tearDown" finished-at="2024-09-13T20:16:51 IST" duration-ms="909" status="PASS">
          <reporter-output>
          </reporter-output>
        </test-method> <!-- tearDown -->
      </class> <!-- testCases.TC001_AccountRegistrationTest -->
    </test> <!-- firefoxtest -->
    <test started-at="2024-09-13T20:16:51 IST" name="chrometest" finished-at="2024-09-13T20:16:58 IST" duration-ms="6935">
      <class name="testCases.TC001_AccountRegistrationTest">
        <test-method is-config="true" signature="setup(java.lang.String,java.lang.String)[pri:0, instance:testCases.TC001_AccountRegistrationTest@aa22f1c]" started-at="2024-09-13T20:16:51 IST" name="setup" finished-at="2024-09-13T20:16:56 IST" duration-ms="4500" status="PASS">
          <params>
            <param index="0">
              <value>
                <![CDATA[Windows]]>
              </value>
            </param>
            <param index="1">
              <value>
                <![CDATA[chrome]]>
              </value>
            </param>
          </params>
          <reporter-output>
          </reporter-output>
        </test-method> <!-- setup -->
        <test-method signature="verify_account_registration()[pri:0, instance:testCases.TC001_AccountRegistrationTest@aa22f1c]" started-at="2024-09-13T20:16:56 IST" name="verify_account_registration" finished-at="2024-09-13T20:16:58 IST" duration-ms="2222" status="PASS">
          <reporter-output>
          </reporter-output>
        </test-method> <!-- verify_account_registration -->
        <test-method is-config="true" signature="tearDown()[pri:0, instance:testCases.TC001_AccountRegistrationTest@aa22f1c]" started-at="2024-09-13T20:16:58 IST" name="tearDown" finished-at="2024-09-13T20:16:58 IST" duration-ms="208" status="PASS">
          <reporter-output>
          </reporter-output>
        </test-method> <!-- tearDown -->
      </class> <!-- testCases.TC001_AccountRegistrationTest -->
    </test> <!-- chrometest -->
    <test started-at="2024-09-13T20:16:58 IST" name="edgetest" finished-at="2024-09-13T20:17:07 IST" duration-ms="9216">
      <class name="testCases.TC001_AccountRegistrationTest">
        <test-method is-config="true" signature="setup(java.lang.String,java.lang.String)[pri:0, instance:testCases.TC001_AccountRegistrationTest@37cd92d6]" started-at="2024-09-13T20:16:58 IST" name="setup" finished-at="2024-09-13T20:17:04 IST" duration-ms="5776" status="PASS">
          <params>
            <param index="0">
              <value>
                <![CDATA[Windows]]>
              </value>
            </param>
            <param index="1">
              <value>
                <![CDATA[edge]]>
              </value>
            </param>
          </params>
          <reporter-output>
          </reporter-output>
        </test-method> <!-- setup -->
        <test-method signature="verify_account_registration()[pri:0, instance:testCases.TC001_AccountRegistrationTest@37cd92d6]" started-at="2024-09-13T20:17:04 IST" name="verify_account_registration" finished-at="2024-09-13T20:17:06 IST" duration-ms="2166" status="PASS">
          <reporter-output>
          </reporter-output>
        </test-method> <!-- verify_account_registration -->
        <test-method is-config="true" signature="tearDown()[pri:0, instance:testCases.TC001_AccountRegistrationTest@37cd92d6]" started-at="2024-09-13T20:17:06 IST" name="tearDown" finished-at="2024-09-13T20:17:07 IST" duration-ms="1271" status="PASS">
          <reporter-output>
          </reporter-output>
        </test-method> <!-- tearDown -->
      </class> <!-- testCases.TC001_AccountRegistrationTest -->
    </test> <!-- edgetest -->
  </suite> <!-- Suite -->
</testng-results>
